# JRE version: OpenJDK Runtime Environment (21.0.5) (build 21.0.5+-12932927-b750.29)
# Java VM: OpenJDK 64-Bit Server VM (21.0.5+-12932927-b750.29, mixed mode, tiered, compressed oops, compressed class ptrs, g1 gc, windows-amd64)
GC Precious Log:
 CardTable entry size: 512
 Card Set container configuration: InlinePtr #cards 5 size 8 Array Of Cards #cards 12 size 40 Howl #buckets 4 coarsen threshold 1843 Howl Bitmap #cards 512 size 80 coarsen threshold 460 Card regions per heap region 1 cards per card region 2048
 CPUs: 8 total, 8 available
 Memory: 8022M
 Large Page Support: Disabled
 NUMA Support: Disabled
 Compressed Oops: Enabled (32-bit)
 Heap Region Size: 1M
 Heap Min Capacity: 8M
 Heap Initial Capacity: 126M
 Heap Max Capacity: 2G
 Pre-touch: Disabled
 Parallel Workers: 8
 Concurrent Workers: 2
 Concurrent Refinement Workers: 8
 Periodic GC: Disabled
Heap:
 garbage-first heap   total 229376K, used 152351K [0x0000000080000000, 0x0000000100000000)
  region size 1024K, 20 young (20480K), 9 survivors (9216K)
 Metaspace       used 129242K, committed 131456K, reserved 1179648K
  class space    used 17138K, committed 18240K, reserved 1048576K
GC Heap History (20 events):
Event: 174.147 GC heap before
{Heap before GC invocations=45 (full 0):
 garbage-first heap   total 189440K, used 168382K [0x0000000080000000, 0x0000000100000000)
  region size 1024K, 76 young (77824K), 9 survivors (9216K)
 Metaspace       used 105660K, committed 107904K, reserved 1179648K
  class space    used 14408K, committed 15552K, reserved 1048576K
}
Event: 174.270 GC heap after
{Heap after GC invocations=46 (full 0):
 garbage-first heap   total 189440K, used 98215K [0x0000000080000000, 0x0000000100000000)
  region size 1024K, 2 young (2048K), 2 survivors (2048K)
 Metaspace       used 105660K, committed 107904K, reserved 1179648K
  class space    used 14408K, committed 15552K, reserved 1048576K
}
Event: 765.418 GC heap before
{Heap before GC invocations=46 (full 0):
 garbage-first heap   total 189440K, used 169895K [0x0000000080000000, 0x0000000100000000)
  region size 1024K, 72 young (73728K), 2 survivors (2048K)
 Metaspace       used 106008K, committed 108160K, reserved 1179648K
  class space    used 14410K, committed 15552K, reserved 1048576K
}
Event: 765.467 GC heap after
{Heap after GC invocations=47 (full 0):
 garbage-first heap   total 189440K, used 103645K [0x0000000080000000, 0x0000000100000000)
  region size 1024K, 8 young (8192K), 8 survivors (8192K)
 Metaspace       used 106008K, committed 108160K, reserved 1179648K
  class space    used 14410K, committed 15552K, reserved 1048576K
}
Event: 768.427 GC heap before
{Heap before GC invocations=48 (full 0):
 garbage-first heap   total 189440K, used 175325K [0x0000000080000000, 0x0000000100000000)
  region size 1024K, 72 young (73728K), 8 survivors (8192K)
 Metaspace       used 109454K, committed 111552K, reserved 1179648K
  class space    used 14735K, committed 15808K, reserved 1048576K
}
Event: 768.461 GC heap after
{Heap after GC invocations=49 (full 0):
 garbage-first heap   total 204800K, used 123138K [0x0000000080000000, 0x0000000100000000)
  region size 1024K, 9 young (9216K), 9 survivors (9216K)
 Metaspace       used 109454K, committed 111552K, reserved 1179648K
  class space    used 14735K, committed 15808K, reserved 1048576K
}
Event: 769.308 GC heap before
{Heap before GC invocations=49 (full 0):
 garbage-first heap   total 204800K, used 182530K [0x0000000080000000, 0x0000000100000000)
  region size 1024K, 60 young (61440K), 9 survivors (9216K)
 Metaspace       used 111629K, committed 113728K, reserved 1179648K
  class space    used 15008K, committed 16064K, reserved 1048576K
}
Event: 769.345 GC heap after
{Heap after GC invocations=50 (full 0):
 garbage-first heap   total 208896K, used 125834K [0x0000000080000000, 0x0000000100000000)
  region size 1024K, 8 young (8192K), 8 survivors (8192K)
 Metaspace       used 111629K, committed 113728K, reserved 1179648K
  class space    used 15008K, committed 16064K, reserved 1048576K
}
Event: 771.569 GC heap before
{Heap before GC invocations=50 (full 0):
 garbage-first heap   total 208896K, used 194442K [0x0000000080000000, 0x0000000100000000)
  region size 1024K, 61 young (62464K), 8 survivors (8192K)
 Metaspace       used 114820K, committed 117056K, reserved 1179648K
  class space    used 15304K, committed 16448K, reserved 1048576K
}
Event: 771.594 GC heap after
{Heap after GC invocations=51 (full 0):
 garbage-first heap   total 208896K, used 129954K [0x0000000080000000, 0x0000000100000000)
  region size 1024K, 4 young (4096K), 4 survivors (4096K)
 Metaspace       used 114820K, committed 117056K, reserved 1179648K
  class space    used 15304K, committed 16448K, reserved 1048576K
}
Event: 772.926 GC heap before
{Heap before GC invocations=51 (full 0):
 garbage-first heap   total 208896K, used 183202K [0x0000000080000000, 0x0000000100000000)
  region size 1024K, 57 young (58368K), 4 survivors (4096K)
 Metaspace       used 116871K, committed 119104K, reserved 1179648K
  class space    used 15496K, committed 16640K, reserved 1048576K
}
Event: 772.947 GC heap after
{Heap after GC invocations=52 (full 0):
 garbage-first heap   total 208896K, used 136430K [0x0000000080000000, 0x0000000100000000)
  region size 1024K, 8 young (8192K), 8 survivors (8192K)
 Metaspace       used 116871K, committed 119104K, reserved 1179648K
  class space    used 15496K, committed 16640K, reserved 1048576K
}
Event: 774.347 GC heap before
{Heap before GC invocations=53 (full 0):
 garbage-first heap   total 229376K, used 185582K [0x0000000080000000, 0x0000000100000000)
  region size 1024K, 56 young (57344K), 8 survivors (8192K)
 Metaspace       used 118864K, committed 121088K, reserved 1179648K
  class space    used 15720K, committed 16832K, reserved 1048576K
}
Event: 774.359 GC heap after
{Heap after GC invocations=54 (full 0):
 garbage-first heap   total 229376K, used 136077K [0x0000000080000000, 0x0000000100000000)
  region size 1024K, 4 young (4096K), 4 survivors (4096K)
 Metaspace       used 118864K, committed 121088K, reserved 1179648K
  class space    used 15720K, committed 16832K, reserved 1048576K
}
Event: 778.470 GC heap before
{Heap before GC invocations=54 (full 0):
 garbage-first heap   total 229376K, used 203661K [0x0000000080000000, 0x0000000100000000)
  region size 1024K, 71 young (72704K), 4 survivors (4096K)
 Metaspace       used 120766K, committed 123008K, reserved 1179648K
  class space    used 15942K, committed 17088K, reserved 1048576K
}
Event: 778.484 GC heap after
{Heap after GC invocations=55 (full 0):
 garbage-first heap   total 229376K, used 131149K [0x0000000080000000, 0x0000000100000000)
  region size 1024K, 7 young (7168K), 7 survivors (7168K)
 Metaspace       used 120766K, committed 123008K, reserved 1179648K
  class space    used 15942K, committed 17088K, reserved 1048576K
}
Event: 778.985 GC heap before
{Heap before GC invocations=55 (full 0):
 garbage-first heap   total 229376K, used 171085K [0x0000000080000000, 0x0000000100000000)
  region size 1024K, 48 young (49152K), 7 survivors (7168K)
 Metaspace       used 121861K, committed 124096K, reserved 1179648K
  class space    used 16071K, committed 17216K, reserved 1048576K
}
Event: 779.000 GC heap after
{Heap after GC invocations=56 (full 0):
 garbage-first heap   total 229376K, used 137040K [0x0000000080000000, 0x0000000100000000)
  region size 1024K, 10 young (10240K), 10 survivors (10240K)
 Metaspace       used 121861K, committed 124096K, reserved 1179648K
  class space    used 16071K, committed 17216K, reserved 1048576K
}
Event: 780.456 GC heap before
{Heap before GC invocations=57 (full 0):
 garbage-first heap   total 229376K, used 203600K [0x0000000080000000, 0x0000000100000000)
  region size 1024K, 77 young (78848K), 10 survivors (10240K)
 Metaspace       used 128210K, committed 130432K, reserved 1179648K
  class space    used 17013K, committed 18112K, reserved 1048576K
}
Event: 780.481 GC heap after
{Heap after GC invocations=58 (full 0):
 garbage-first heap   total 229376K, used 143135K [0x0000000080000000, 0x0000000100000000)
  region size 1024K, 9 young (9216K), 9 survivors (9216K)
 Metaspace       used 128210K, committed 130432K, reserved 1179648K
  class space    used 17013K, committed 18112K, reserved 1048576K
}

